<?xml version="1.0" encoding="UTF-8"?>
<!-- Generated by org.testng.reporters.JUnitXMLReporter -->
<testsuite hostname="DESKTOP-2IEME8E" ignored="0" name="Default test(failed)" tests="1" failures="0" timestamp="06 Mar 2018 13:10:18 GMT" time="0.09" errors="0">
  <testcase name="@BeforeMethod openApplication" time="0.0" classname="generic.BaseTest">
    <failure type="org.testng.TestNGException" message="
Parameter &amp;apos;ip&amp;apos; is required by BeforeMethod on method openApplication but has not been marked @Optional or defined
in C:\Users\Wooplr\git\HybridFrameworkWithMavenAndParallalExecution\test-output\testng-failed.xml">
      <![CDATA[org.testng.TestNGException: 
Parameter 'ip' is required by BeforeMethod on method openApplication but has not been marked @Optional or defined
in C:\Users\Wooplr\git\HybridFrameworkWithMavenAndParallalExecution\test-output\testng-failed.xml
... Removed 25 stack frames]]>
    </failure>
  </testcase> <!-- @BeforeMethod openApplication -->
  <testcase name="@AfterMethod closeApplication" time="0.0" classname="generic.BaseTest">
    <skipped/>
  </testcase> <!-- @AfterMethod closeApplication -->
  <testcase name="testValidLogin" time="0.0" classname="script.ValidLogin">
    <skipped/>
  </testcase> <!-- testValidLogin -->
</testsuite> <!-- Default test(failed) -->
