<?xml version="1.0" encoding="UTF-8"?>
<!-- Generated by org.testng.reporters.JUnitXMLReporter -->
<testsuite hostname="DESKTOP-2IEME8E" ignored="0" name="Chrome" tests="3" failures="1" timestamp="06 Mar 2018 13:04:06 GMT" time="67.178" errors="0">
  <testcase name="testProductVersion" time="12.658" classname="script.CheckProductVersion">
    <failure type="java.lang.AssertionError" message="expected [actiTIME 2017.4] but found [actiTIME 2017 Online]">
      <![CDATA[java.lang.AssertionError: expected [actiTIME 2017.4] but found [actiTIME 2017 Online]
at generic.BasePage.verifyText(BasePage.java:29)
at page.EnterTTPage.verifyVersion(EnterTTPage.java:39)
at script.CheckProductVersion.testProductVersion(CheckProductVersion.java:34)
at java.util.concurrent.ThreadPoolExecutor.runWorker(Unknown Source)
at java.util.concurrent.ThreadPoolExecutor$Worker.run(Unknown Source)
at java.lang.Thread.run(Unknown Source)
... Removed 16 stack frames]]>
    </failure>
  </testcase> <!-- testProductVersion -->
  <testcase name="testInvalidLogin" time="4.346" classname="script.InvalidLogin"/>
  <testcase name="testValidLogin" time="7.29" classname="script.ValidLogin"/>
</testsuite> <!-- Chrome -->
