<?xml version="1.0" encoding="UTF-8"?>
<testsuite xmlns:xsi="http://www.w3.org/2001/XMLSchema-instance" xsi:schemaLocation="https://maven.apache.org/surefire/maven-surefire-plugin/xsd/surefire-test-report.xsd" name="TestSuite" time="137.187" tests="6" errors="0" skipped="0" failures="3">
  <properties>
[...]
</properties>
  <testcase name="testProductVersion" classname="script.CheckProductVersion" time="12.672">
    <failure message="expected [actiTIME 2017.4] but found [actiTIME 2017 Online]" type="java.lang.AssertionError">java.lang.AssertionError: expected [actiTIME 2017.4] but found [actiTIME 2017 Online]
	at script.CheckProductVersion.testProductVersion(CheckProductVersion.java:34)
</failure>
    <system-out><![CDATA[[TestNGContentHandler] [WARN] It is strongly recommended to add "<!DOCTYPE suite SYSTEM "http://testng.org/testng-1.0.dtd" >" at the top of your file, otherwise TestNG may fail or not work as expected.
Expected Page actiTIME - Login is Displayed
Expected Page actiTIME - Enter Time-Track is Displayed
]]></system-out>
    <system-err><![CDATA[Mar 06, 2018 6:33:14 PM org.openqa.selenium.remote.ProtocolHandshake createSession
INFO: Detected dialect: OSS
Mar 06, 2018 6:33:14 PM org.openqa.selenium.remote.ProtocolHandshake createSession
INFO: Detected dialect: OSS
Mar 06, 2018 6:33:14 PM org.openqa.selenium.remote.ProtocolHandshake createSession
INFO: Detected dialect: OSS
]]></system-err>
  </testcase>
  <testcase name="testProductVersion" classname="script.CheckProductVersion" time="18.362">
    <failure message="Element &lt;div class=&quot;popup_menu_label&quot;&gt; is not clickable at point (1259.5,70.10000610351562) because another element &lt;div id=&quot;preInsertedTransformedMoireId&quot; class=&quot;transformedMoireClass&quot;&gt; obscures it&#10;Build info: version: &apos;3.10.0&apos;, revision: &apos;176b4a9&apos;, time: &apos;2018-03-02T19:03:16.397Z&apos;&#10;System info: host: &apos;DESKTOP-2IEME8E&apos;, ip: &apos;192.168.1.99&apos;, os.name: &apos;Windows 10&apos;, os.arch: &apos;amd64&apos;, os.version: &apos;10.0&apos;, java.version: &apos;1.8.0_144&apos;&#10;Driver info: org.openqa.selenium.remote.RemoteWebDriver&#10;Capabilities {acceptInsecureCerts: false, browserName: firefox, browserVersion: 58.0.1, javascriptEnabled: true, moz:accessibilityChecks: false, moz:headless: false, moz:processID: 6888, moz:profile: C:\Users\Wooplr\AppData\Loc..., moz:webdriverClick: true, pageLoadStrategy: normal, platform: XP, platformName: XP, platformVersion: 10.0, rotatable: false, timeouts: {implicit: 0, pageLoad: 300000, script: 30000}, webdriver.remote.sessionid: a7c6ee18-118e-4a9e-8326-3cc...}&#10;Session ID: a7c6ee18-118e-4a9e-8326-3cca52061728" type="org.openqa.selenium.ElementClickInterceptedException"><![CDATA[org.openqa.selenium.ElementClickInterceptedException: 
Element <div class="popup_menu_label"> is not clickable at point (1259.5,70.10000610351562) because another element <div id="preInsertedTransformedMoireId" class="transformedMoireClass"> obscures it
Build info: version: '3.10.0', revision: '176b4a9', time: '2018-03-02T19:03:16.397Z'
System info: host: 'DESKTOP-2IEME8E', ip: '192.168.1.99', os.name: 'Windows 10', os.arch: 'amd64', os.version: '10.0', java.version: '1.8.0_144'
Driver info: org.openqa.selenium.remote.RemoteWebDriver
Capabilities {acceptInsecureCerts: false, browserName: firefox, browserVersion: 58.0.1, javascriptEnabled: true, moz:accessibilityChecks: false, moz:headless: false, moz:processID: 6888, moz:profile: C:\Users\Wooplr\AppData\Loc..., moz:webdriverClick: true, pageLoadStrategy: normal, platform: XP, platformName: XP, platformVersion: 10.0, rotatable: false, timeouts: {implicit: 0, pageLoad: 300000, script: 30000}, webdriver.remote.sessionid: a7c6ee18-118e-4a9e-8326-3cc...}
Session ID: a7c6ee18-118e-4a9e-8326-3cca52061728
	at script.CheckProductVersion.testProductVersion(CheckProductVersion.java:26)
]]></failure>
    <system-out><![CDATA[Expected Page actiTIME - Enter Time-Track is Displayed
]]></system-out>
  </testcase>
  <testcase name="testInvalidLogin" classname="script.InvalidLogin" time="4.345"/>
  <testcase name="testInvalidLogin" classname="script.InvalidLogin" time="14.385">
    <failure message="The element reference of &lt;span id=&quot;errorSpan&quot; class=&quot;errormsg&quot;&gt; is stale; either the element is no longer attached to the DOM, it is not in the current frame context, or the document has been refreshed&#10;For documentation on this error, please visit: http://seleniumhq.org/exceptions/stale_element_reference.html&#10;Build info: version: &apos;3.10.0&apos;, revision: &apos;176b4a9&apos;, time: &apos;2018-03-02T19:03:16.397Z&apos;&#10;System info: host: &apos;DESKTOP-2IEME8E&apos;, ip: &apos;192.168.1.99&apos;, os.name: &apos;Windows 10&apos;, os.arch: &apos;amd64&apos;, os.version: &apos;10.0&apos;, java.version: &apos;1.8.0_144&apos;&#10;Driver info: org.openqa.selenium.remote.RemoteWebDriver&#10;Capabilities {acceptInsecureCerts: false, browserName: firefox, browserVersion: 58.0.1, javascriptEnabled: true, moz:accessibilityChecks: false, moz:headless: false, moz:processID: 1332, moz:profile: C:\Users\Wooplr\AppData\Loc..., moz:webdriverClick: true, pageLoadStrategy: normal, platform: XP, platformName: XP, platformVersion: 10.0, rotatable: false, timeouts: {implicit: 0, pageLoad: 300000, script: 30000}, webdriver.remote.sessionid: 2ceba644-9e10-4c70-b074-05f...}&#10;Session ID: 2ceba644-9e10-4c70-b074-05f9eb7f3f80" type="org.openqa.selenium.StaleElementReferenceException"><![CDATA[org.openqa.selenium.StaleElementReferenceException: 
The element reference of <span id="errorSpan" class="errormsg"> is stale; either the element is no longer attached to the DOM, it is not in the current frame context, or the document has been refreshed
For documentation on this error, please visit: http://seleniumhq.org/exceptions/stale_element_reference.html
Build info: version: '3.10.0', revision: '176b4a9', time: '2018-03-02T19:03:16.397Z'
System info: host: 'DESKTOP-2IEME8E', ip: '192.168.1.99', os.name: 'Windows 10', os.arch: 'amd64', os.version: '10.0', java.version: '1.8.0_144'
Driver info: org.openqa.selenium.remote.RemoteWebDriver
Capabilities {acceptInsecureCerts: false, browserName: firefox, browserVersion: 58.0.1, javascriptEnabled: true, moz:accessibilityChecks: false, moz:headless: false, moz:processID: 1332, moz:profile: C:\Users\Wooplr\AppData\Loc..., moz:webdriverClick: true, pageLoadStrategy: normal, platform: XP, platformName: XP, platformVersion: 10.0, rotatable: false, timeouts: {implicit: 0, pageLoad: 300000, script: 30000}, webdriver.remote.sessionid: 2ceba644-9e10-4c70-b074-05f...}
Session ID: 2ceba644-9e10-4c70-b074-05f9eb7f3f80
	at script.InvalidLogin.testInvalidLogin(InvalidLogin.java:24)
]]></failure>
    <system-out><![CDATA[Expected Page actiTIME - Login is Displayed
]]></system-out>
    <system-err><![CDATA[Mar 06, 2018 6:34:24 PM org.openqa.selenium.remote.ProtocolHandshake createSession
INFO: Detected dialect: W3C
Mar 06, 2018 6:34:24 PM org.openqa.selenium.remote.ProtocolHandshake createSession
INFO: Detected dialect: W3C
Mar 06, 2018 6:34:26 PM org.openqa.selenium.remote.ProtocolHandshake createSession
INFO: Detected dialect: W3C
Mar 06, 2018 6:35:09 PM org.openqa.selenium.remote.ErrorCodes toStatus
INFO: HTTP Status: '400' -> incorrect JSON status mapping for 'stale element reference' (404 expected)
]]></system-err>
  </testcase>
  <testcase name="testValidLogin" classname="script.ValidLogin" time="6.477"/>
  <testcase name="testValidLogin" classname="script.ValidLogin" time="14.437"/>
</testsuite>