<?xml version="1.0" encoding="UTF-8"?>
<testng-results skipped="0" failed="0" ignored="0" total="1" passed="1">
  <reporter-output>
  </reporter-output>
  <suite name="Default suite" duration-ms="6074" started-at="2018-02-26T08:24:12Z" finished-at="2018-02-26T08:24:18Z">
    <groups>
    </groups>
    <test name="Default test" duration-ms="6074" started-at="2018-02-26T08:24:12Z" finished-at="2018-02-26T08:24:18Z">
      <class name="generic.StartSeleniumServer">
        <test-method status="PASS" signature="startSeleniumServer()[pri:0, instance:generic.StartSeleniumServer@d8355a8]" name="startSeleniumServer" duration-ms="6032" started-at="2018-02-26T08:24:12Z" finished-at="2018-02-26T08:24:18Z">
          <reporter-output>
          </reporter-output>
        </test-method> <!-- startSeleniumServer -->
      </class> <!-- generic.StartSeleniumServer -->
    </test> <!-- Default test -->
  </suite> <!-- Default suite -->
</testng-results>
